<?xml version="1.0" encoding="UTF-8"?>
<testng-results skipped="0" failed="1" ignored="0" total="5" passed="4">
  <reporter-output>
  </reporter-output>
  <suite name="Amzon automation Test" duration-ms="43799" started-at="2020-07-22T17:01:53Z" finished-at="2020-07-22T17:02:37Z">
    <groups>
    </groups>
    <test name="Amzon Test" duration-ms="43799" started-at="2020-07-22T17:01:53Z" finished-at="2020-07-22T17:02:37Z">
      <class name="com.amazon.qa.testcases.SmokeTest">
        <test-method status="PASS" signature="setup()[pri:0, instance:com.amazon.qa.testcases.SmokeTest@4883b407]" name="setup" is-config="true" duration-ms="7171" started-at="2020-07-22T17:01:53Z" finished-at="2020-07-22T17:02:00Z">
          <reporter-output>
          </reporter-output>
        </test-method> <!-- setup -->
        <test-method status="PASS" signature="loginToAmazonTest()[pri:1, instance:com.amazon.qa.testcases.SmokeTest@4883b407]" name="loginToAmazonTest" duration-ms="4924" started-at="2020-07-22T17:02:00Z" finished-at="2020-07-22T17:02:05Z">
          <reporter-output>
          </reporter-output>
        </test-method> <!-- loginToAmazonTest -->
        <test-method status="PASS" signature="SearchProductTest()[pri:2, instance:com.amazon.qa.testcases.SmokeTest@4883b407]" name="SearchProductTest" duration-ms="2722" started-at="2020-07-22T17:02:05Z" finished-at="2020-07-22T17:02:08Z">
          <reporter-output>
          </reporter-output>
        </test-method> <!-- SearchProductTest -->
        <test-method status="PASS" signature="sortingTest()[pri:3, instance:com.amazon.qa.testcases.SmokeTest@4883b407]" name="sortingTest" duration-ms="875" started-at="2020-07-22T17:02:08Z" finished-at="2020-07-22T17:02:09Z">
          <reporter-output>
          </reporter-output>
        </test-method> <!-- sortingTest -->
        <test-method status="FAIL" signature="addProductToCarAndVerifyTest()[pri:4, instance:com.amazon.qa.testcases.SmokeTest@4883b407]" name="addProductToCarAndVerifyTest" duration-ms="26119" started-at="2020-07-22T17:02:09Z" finished-at="2020-07-22T17:02:35Z">
          <exception class="org.openqa.selenium.NoSuchElementException">
            <message>
              <![CDATA[no such element: Unable to locate element: {"method":"xpath","selector":"//div[@class='a-row a-spacing-micro']//span[contains(text(),'(1 item):')]"}
  (Session info: chrome=84.0.4147.89)
For documentation on this error, please visit: https://www.seleniumhq.org/exceptions/no_such_element.html
Build info: version: '3.141.59', revision: 'e82be7d358', time: '2018-11-14T08:17:03'
System info: host: 'vipuls-MacBook-Air.local', ip: 'fe80:0:0:0:436:300d:aabc:752d%en0', os.name: 'Mac OS X', os.arch: 'x86_64', os.version: '10.15.5', java.version: '1.8.0_111'
Driver info: org.openqa.selenium.chrome.ChromeDriver
Capabilities {acceptInsecureCerts: false, browserName: chrome, browserVersion: 84.0.4147.89, chrome: {chromedriverVersion: 83.0.4103.39 (ccbf011cb2d2b..., userDataDir: /var/folders/rp/l1nd5gxn1qj...}, goog:chromeOptions: {debuggerAddress: localhost:54184}, javascriptEnabled: true, networkConnectionEnabled: false, pageLoadStrategy: normal, platform: MAC, platformName: MAC, proxy: Proxy(), setWindowRect: true, strictFileInteractability: false, timeouts: {implicit: 0, pageLoad: 300000, script: 30000}, unhandledPromptBehavior: dismiss and notify, webauthn:virtualAuthenticators: true}
Session ID: 296f95c7ad4682f9c0abaac6e73f3eb5
*** Element info: {Using=xpath, value=//div[@class='a-row a-spacing-micro']//span[contains(text(),'(1 item):')]}]]>
            </message>
            <full-stacktrace>
              <![CDATA[org.openqa.selenium.NoSuchElementException: no such element: Unable to locate element: {"method":"xpath","selector":"//div[@class='a-row a-spacing-micro']//span[contains(text(),'(1 item):')]"}
  (Session info: chrome=84.0.4147.89)
For documentation on this error, please visit: https://www.seleniumhq.org/exceptions/no_such_element.html
Build info: version: '3.141.59', revision: 'e82be7d358', time: '2018-11-14T08:17:03'
System info: host: 'vipuls-MacBook-Air.local', ip: 'fe80:0:0:0:436:300d:aabc:752d%en0', os.name: 'Mac OS X', os.arch: 'x86_64', os.version: '10.15.5', java.version: '1.8.0_111'
Driver info: org.openqa.selenium.chrome.ChromeDriver
Capabilities {acceptInsecureCerts: false, browserName: chrome, browserVersion: 84.0.4147.89, chrome: {chromedriverVersion: 83.0.4103.39 (ccbf011cb2d2b..., userDataDir: /var/folders/rp/l1nd5gxn1qj...}, goog:chromeOptions: {debuggerAddress: localhost:54184}, javascriptEnabled: true, networkConnectionEnabled: false, pageLoadStrategy: normal, platform: MAC, platformName: MAC, proxy: Proxy(), setWindowRect: true, strictFileInteractability: false, timeouts: {implicit: 0, pageLoad: 300000, script: 30000}, unhandledPromptBehavior: dismiss and notify, webauthn:virtualAuthenticators: true}
Session ID: 296f95c7ad4682f9c0abaac6e73f3eb5
*** Element info: {Using=xpath, value=//div[@class='a-row a-spacing-micro']//span[contains(text(),'(1 item):')]}
at sun.reflect.NativeConstructorAccessorImpl.newInstance0(Native Method)
at sun.reflect.NativeConstructorAccessorImpl.newInstance(NativeConstructorAccessorImpl.java:62)
at sun.reflect.DelegatingConstructorAccessorImpl.newInstance(DelegatingConstructorAccessorImpl.java:45)
at java.lang.reflect.Constructor.newInstance(Constructor.java:423)
at org.openqa.selenium.remote.http.W3CHttpResponseCodec.createException(W3CHttpResponseCodec.java:187)
at org.openqa.selenium.remote.http.W3CHttpResponseCodec.decode(W3CHttpResponseCodec.java:122)
at org.openqa.selenium.remote.http.W3CHttpResponseCodec.decode(W3CHttpResponseCodec.java:49)
at org.openqa.selenium.remote.HttpCommandExecutor.execute(HttpCommandExecutor.java:158)
at org.openqa.selenium.remote.service.DriverCommandExecutor.execute(DriverCommandExecutor.java:83)
at org.openqa.selenium.remote.RemoteWebDriver.execute(RemoteWebDriver.java:552)
at org.openqa.selenium.remote.RemoteWebDriver.findElement(RemoteWebDriver.java:323)
at org.openqa.selenium.remote.RemoteWebDriver.findElementByXPath(RemoteWebDriver.java:428)
at org.openqa.selenium.By$ByXPath.findElement(By.java:353)
at org.openqa.selenium.remote.RemoteWebDriver.findElement(RemoteWebDriver.java:315)
at org.openqa.selenium.support.pagefactory.DefaultElementLocator.findElement(DefaultElementLocator.java:69)
at org.openqa.selenium.support.pagefactory.internal.LocatingElementHandler.invoke(LocatingElementHandler.java:38)
at com.sun.proxy.$Proxy9.getText(Unknown Source)
at com.amazon.qa.pages.ProductPage.verifyProductQuantity(ProductPage.java:33)
at com.amazon.qa.testcases.SmokeTest.addProductToCarAndVerifyTest(SmokeTest.java:52)
at sun.reflect.NativeMethodAccessorImpl.invoke0(Native Method)
at sun.reflect.NativeMethodAccessorImpl.invoke(NativeMethodAccessorImpl.java:62)
at sun.reflect.DelegatingMethodAccessorImpl.invoke(DelegatingMethodAccessorImpl.java:43)
at java.lang.reflect.Method.invoke(Method.java:498)
at org.testng.internal.MethodInvocationHelper.invokeMethod(MethodInvocationHelper.java:124)
at org.testng.internal.Invoker.invokeMethod(Invoker.java:583)
at org.testng.internal.Invoker.invokeTestMethod(Invoker.java:719)
at org.testng.internal.Invoker.invokeTestMethods(Invoker.java:989)
at org.testng.internal.TestMethodWorker.invokeTestMethods(TestMethodWorker.java:125)
at org.testng.internal.TestMethodWorker.run(TestMethodWorker.java:109)
at org.testng.TestRunner.privateRun(TestRunner.java:648)
at org.testng.TestRunner.run(TestRunner.java:505)
at org.testng.SuiteRunner.runTest(SuiteRunner.java:455)
at org.testng.SuiteRunner.runSequentially(SuiteRunner.java:450)
at org.testng.SuiteRunner.privateRun(SuiteRunner.java:415)
at org.testng.SuiteRunner.run(SuiteRunner.java:364)
at org.testng.SuiteRunnerWorker.runSuite(SuiteRunnerWorker.java:52)
at org.testng.SuiteRunnerWorker.run(SuiteRunnerWorker.java:84)
at org.testng.TestNG.runSuitesSequentially(TestNG.java:1208)
at org.testng.TestNG.runSuitesLocally(TestNG.java:1137)
at org.testng.TestNG.runSuites(TestNG.java:1049)
at org.testng.TestNG.run(TestNG.java:1017)
at org.testng.remote.AbstractRemoteTestNG.run(AbstractRemoteTestNG.java:114)
at org.testng.remote.RemoteTestNG.initAndRun(RemoteTestNG.java:251)
at org.testng.remote.RemoteTestNG.main(RemoteTestNG.java:77)
]]>
            </full-stacktrace>
          </exception> <!-- org.openqa.selenium.NoSuchElementException -->
          <reporter-output>
          </reporter-output>
        </test-method> <!-- addProductToCarAndVerifyTest -->
        <test-method status="PASS" signature="logoutfromAppTest()[pri:5, instance:com.amazon.qa.testcases.SmokeTest@4883b407]" name="logoutfromAppTest" duration-ms="1574" started-at="2020-07-22T17:02:35Z" finished-at="2020-07-22T17:02:37Z">
          <reporter-output>
          </reporter-output>
        </test-method> <!-- logoutfromAppTest -->
        <test-method status="PASS" signature="quitBrowser()[pri:0, instance:com.amazon.qa.testcases.SmokeTest@4883b407]" name="quitBrowser" is-config="true" duration-ms="370" started-at="2020-07-22T17:02:37Z" finished-at="2020-07-22T17:02:37Z">
          <reporter-output>
          </reporter-output>
        </test-method> <!-- quitBrowser -->
      </class> <!-- com.amazon.qa.testcases.SmokeTest -->
    </test> <!-- Amzon Test -->
  </suite> <!-- Amzon automation Test -->
</testng-results>
